12:57:45.964 [INFO ] To0Scheduler will run every 120 seconds
12:57:45.970 [INFO ] Session cleaner will run every 3600 seconds
12:57:45.979 [INFO ] Voucher auto-injection enabled.
12:57:46.032 [INFO ] HHH000412: Hibernate ORM core version 6.1.0.Final
12:57:46.388 [WARN ] HHH10001002: Using built-in connection pool (not intended for production use)
12:57:46.390 [INFO ] HHH10001005: Loaded JDBC driver class: org.mariadb.jdbc.Driver
12:57:46.391 [INFO ] HHH10001012: Connecting with JDBC URL [jdbc:mariadb://host.docker.internal:3306/emdb?useSSL=true]
12:57:46.391 [INFO ] HHH10001001: Connection properties: {password=****, requireSSL=true, autoReconnect=true, user=root}
12:57:46.391 [INFO ] HHH10001003: Autocommit mode: false
12:57:46.393 [INFO ] HHH10001115: Connection pool size: 20 (min=1)
12:57:46.639 [INFO ] HHH000400: Using dialect: org.hibernate.dialect.MariaDBDialect
12:57:47.272 [INFO ] HHH10001501: Connection obtained from JdbcConnectionAccess [org.hibernate.engine.jdbc.env.internal.JdbcEnvironmentInitiator$ConnectionProviderJdbcConnectionAccess@3f06ebe0] for (non-JTA) DDL execution was not in auto-commit mode; the Connection 'local transaction' will be committed and the Connection will be set into auto-commit mode.
12:57:49.765 [INFO ] Started All-in-one demo Service.
13:00:03.492 [INFO ] Type 10 [h'850A016842444246454135446A44656D6F44657669636558D33081D0307702010030153113301106035504030C0A46646F204465766963653059301306072A8648CE3D020106082A8648CE3D0301070342000432338DEADFDD9ABAAC4E5F18461D1500D3E000760AEB6823017267F57D7441A8F8D9A6DBF384DE53B46AAEC0BB38092CD95A294B59B5BC4866F840D42F04D0AAA000300A06082A8648CE3D04030203490030460221009CA3801007DDEBDAF5E3DEF0332A7B1E54A303812BAB26005C285DB43222E3600221009CC6908C0A3E2CF9ED416635899F1DA893F153CCDD1727E5BCE81D4D9743639A']
13:00:04.487 [INFO ] Type 11 [h'861865502DEAC0057436416A963494870C049503818582055574686F73742E646F636B65722E696E7465726E616C820343191F90820C410182024544AC1100018204431920FB6A44656D6F446576696365830A01585B3059301306072A8648CE3D020106082A8648CE3D030107034200040D7148E801585D5D4A5CDD884D26AD7CC8AD6D41867F47AB7318AE2CBC3052F11897F8E82FCE69C99FC0873E9EBEBC9C981A3F554C091848EB9C386A8BE00774822F5820F788E3E038D844F576BC8AC5860E15D5C7C0E72978429DDE97F711BCC0FBB757']
13:00:04.800 [INFO ] Type 12 [[5, h'0111C878094431308DDBE0DBAECCD172DF22EFCC22015124FA5E4ECE15301657']]
13:00:06.127 [INFO ] Onboarding Voucher GUID is : 2deac005-7436-416a-9634-94870c049503
13:00:06.176 [INFO ] Voucher auto injected for guid:2deac005-7436-416a-9634-94870c049503
13:00:06.244 [INFO ] Type 13 []
13:00:09.450 [INFO ] Type 30 [h'2DEAC0057436416A963494870C049503', [-7, h'']]
13:00:11.167 [INFO ] Type 31 [h'A855FE1E5CED4CC4BB01E65056A81AC4', [-7, h'']]
13:00:11.381 [INFO ] Type 32 [h'A10126', {}, h'A20A50A855FE1E5CED4CC4BB01E65056A81AC419010051012DEAC0057436416A963494870C049503', h'6DF1C810D2203C42BAD8F44BF9726BA6D3B9515250C4ECCD36791BA34D045B40F685500325833CDDBF01DAD6532F1CD0BC10C12FE32B8B214C5C36F71E07010F']
13:00:11.427 [INFO ] Type 255 [500, 32, "Unspecified error occurred.", 1707307211, 2668244940]
13:06:23.059 [INFO ] To0Scheduler will run every 120 seconds
13:06:23.065 [INFO ] Session cleaner will run every 3600 seconds
13:06:23.074 [INFO ] Voucher auto-injection enabled.
13:06:23.130 [INFO ] HHH000412: Hibernate ORM core version 6.1.0.Final
13:06:23.492 [WARN ] HHH10001002: Using built-in connection pool (not intended for production use)
13:06:23.494 [INFO ] HHH10001005: Loaded JDBC driver class: org.mariadb.jdbc.Driver
13:06:23.494 [INFO ] HHH10001012: Connecting with JDBC URL [jdbc:mariadb://host.docker.internal:3306/emdb?useSSL=true]
13:06:23.495 [INFO ] HHH10001001: Connection properties: {password=****, requireSSL=true, autoReconnect=true, user=root}
13:06:23.495 [INFO ] HHH10001003: Autocommit mode: false
13:06:23.497 [INFO ] HHH10001115: Connection pool size: 20 (min=1)
13:06:23.723 [INFO ] HHH000400: Using dialect: org.hibernate.dialect.MariaDBDialect
13:06:24.306 [INFO ] HHH10001501: Connection obtained from JdbcConnectionAccess [org.hibernate.engine.jdbc.env.internal.JdbcEnvironmentInitiator$ConnectionProviderJdbcConnectionAccess@3f06ebe0] for (non-JTA) DDL execution was not in auto-commit mode; the Connection 'local transaction' will be committed and the Connection will be set into auto-commit mode.
13:06:24.789 [INFO ] Started All-in-one demo Service.
13:06:40.062 [INFO ] Type 30 [h'2DEAC0057436416A963494870C049503', [-7, h'']]
13:06:40.338 [INFO ] Type 31 [h'97A37E54BD434574AD1F2F8B43BD67AE', [-7, h'']]
13:06:40.558 [INFO ] Type 32 [h'A10126', {}, h'A20A5097A37E54BD434574AD1F2F8B43BD67AE19010051012DEAC0057436416A963494870C049503', h'2AA454E03C876B2EDCF6C60042D8A3ACCFB5ED7D87B8057E98FC650EFB1F9EBD5B5D53E99859246133CE640E4A4B5E33F7E0B58E053DE28975DAFD82282D1F48']
13:06:40.608 [INFO ] Type 255 [500, 32, "Unspecified error occurred.", 1707307600, 367172921]
13:11:44.104 [INFO ] To0Scheduler will run every 120 seconds
13:11:44.109 [INFO ] Session cleaner will run every 3600 seconds
13:11:44.119 [INFO ] Voucher auto-injection enabled.
13:11:44.176 [INFO ] HHH000412: Hibernate ORM core version 6.1.0.Final
13:11:44.572 [WARN ] HHH10001002: Using built-in connection pool (not intended for production use)
13:11:44.575 [INFO ] HHH10001005: Loaded JDBC driver class: org.mariadb.jdbc.Driver
13:11:44.575 [INFO ] HHH10001012: Connecting with JDBC URL [jdbc:mariadb://host.docker.internal:3306/emdb?useSSL=true]
13:11:44.576 [INFO ] HHH10001001: Connection properties: {password=****, requireSSL=true, autoReconnect=true, user=root}
13:11:44.576 [INFO ] HHH10001003: Autocommit mode: false
13:11:44.579 [INFO ] HHH10001115: Connection pool size: 20 (min=1)
13:11:44.831 [INFO ] HHH000400: Using dialect: org.hibernate.dialect.MariaDBDialect
13:11:45.429 [INFO ] HHH10001501: Connection obtained from JdbcConnectionAccess [org.hibernate.engine.jdbc.env.internal.JdbcEnvironmentInitiator$ConnectionProviderJdbcConnectionAccess@3f06ebe0] for (non-JTA) DDL execution was not in auto-commit mode; the Connection 'local transaction' will be committed and the Connection will be set into auto-commit mode.
13:11:45.837 [INFO ] Started All-in-one demo Service.
13:11:59.447 [INFO ] Type 30 [h'2DEAC0057436416A963494870C049503', [-7, h'']]
13:11:59.731 [INFO ] Type 31 [h'1085F914E99F4376A31CD838EE038581', [-7, h'']]
13:11:59.954 [INFO ] Type 32 [h'A10126', {}, h'A20A501085F914E99F4376A31CD838EE03858119010051012DEAC0057436416A963494870C049503', h'FD0D071266A762C16F54B1C1D46213BFCE2ABB82407787EE9D2231342EE1753C688C973D056A61D7D78A69BC028F855753C5B22E4B572F53B3DD8CEC2BE7393D']
13:12:01.049 [INFO ] Type 255 [500, 32, "Unspecified error occurred.", 1707307921, 2788988912]
13:25:12.957 [INFO ] To0Scheduler will run every 120 seconds
13:25:12.963 [INFO ] Session cleaner will run every 3600 seconds
13:25:12.973 [INFO ] Voucher auto-injection enabled.
13:25:13.033 [INFO ] HHH000412: Hibernate ORM core version 6.1.0.Final
13:25:13.421 [WARN ] HHH10001002: Using built-in connection pool (not intended for production use)
13:25:13.424 [INFO ] HHH10001005: Loaded JDBC driver class: org.mariadb.jdbc.Driver
13:25:13.424 [INFO ] HHH10001012: Connecting with JDBC URL [jdbc:mariadb://host.docker.internal:3306/emdb?useSSL=true]
13:25:13.424 [INFO ] HHH10001001: Connection properties: {password=****, requireSSL=true, autoReconnect=true, user=root}
13:25:13.424 [INFO ] HHH10001003: Autocommit mode: false
13:25:13.426 [INFO ] HHH10001115: Connection pool size: 20 (min=1)
13:25:13.676 [INFO ] HHH000400: Using dialect: org.hibernate.dialect.MariaDBDialect
13:25:14.309 [INFO ] HHH10001501: Connection obtained from JdbcConnectionAccess [org.hibernate.engine.jdbc.env.internal.JdbcEnvironmentInitiator$ConnectionProviderJdbcConnectionAccess@3f06ebe0] for (non-JTA) DDL execution was not in auto-commit mode; the Connection 'local transaction' will be committed and the Connection will be set into auto-commit mode.
13:25:14.759 [INFO ] Started All-in-one demo Service.
13:25:32.064 [INFO ] Type 30 [h'2DEAC0057436416A963494870C049503', [-7, h'']]
13:25:32.343 [INFO ] Type 31 [h'9E31BDA79BD14C549483C97F21C6431F', [-7, h'']]
13:25:32.557 [INFO ] Type 32 [h'A10126', {}, h'A20A509E31BDA79BD14C549483C97F21C6431F19010051012DEAC0057436416A963494870C049503', h'6A881F15D4C8C3E3DAECBCB89B379DE50EEA5B362D1859BB6D5F7FE06BEDDF925E1B5E8C258A500665BCC8B08B24FBF944503D94EDF96B203DCAC2165D7AB182']
13:25:32.663 [INFO ] Type 255 [500, 32, "Unspecified error occurred.", 1707308732, 2510945761]
13:31:15.261 [INFO ] To0Scheduler will run every 120 seconds
13:31:15.267 [INFO ] Session cleaner will run every 3600 seconds
13:31:15.278 [INFO ] Voucher auto-injection enabled.
13:31:15.339 [INFO ] HHH000412: Hibernate ORM core version 6.1.0.Final
13:31:15.741 [WARN ] HHH10001002: Using built-in connection pool (not intended for production use)
13:31:15.743 [INFO ] HHH10001005: Loaded JDBC driver class: org.mariadb.jdbc.Driver
13:31:15.743 [INFO ] HHH10001012: Connecting with JDBC URL [jdbc:mariadb://host.docker.internal:3306/emdb?useSSL=true]
13:31:15.744 [INFO ] HHH10001001: Connection properties: {password=****, requireSSL=true, autoReconnect=true, user=root}
13:31:15.744 [INFO ] HHH10001003: Autocommit mode: false
13:31:15.746 [INFO ] HHH10001115: Connection pool size: 20 (min=1)
13:31:15.975 [INFO ] HHH000400: Using dialect: org.hibernate.dialect.MariaDBDialect
13:31:16.595 [INFO ] HHH10001501: Connection obtained from JdbcConnectionAccess [org.hibernate.engine.jdbc.env.internal.JdbcEnvironmentInitiator$ConnectionProviderJdbcConnectionAccess@3f06ebe0] for (non-JTA) DDL execution was not in auto-commit mode; the Connection 'local transaction' will be committed and the Connection will be set into auto-commit mode.
13:31:17.149 [INFO ] Started All-in-one demo Service.
13:31:40.185 [INFO ] Type 30 [h'2DEAC0057436416A963494870C049503', [-7, h'']]
13:31:40.484 [INFO ] Type 31 [h'C0A009F7C76247CE9EA01BBAD87B6F21', [-7, h'']]
13:31:40.701 [INFO ] Type 32 [h'A10126', {}, h'A20A50C0A009F7C76247CE9EA01BBAD87B6F2119010051012DEAC0057436416A963494870C049503', h'BEE08376B4339703DD676EA86B95C6B20071C4AC4ED524F39ADD63E6D7FD2BD2DD7A52ADF238FFC4A7C8762EC3530DF6A0826F49E9165AACE4AC1771590B14FD']
13:31:40.790 [INFO ] Type 255 [500, 32, "Unspecified error occurred.", 1707309100, 2875972194]
13:39:11.665 [INFO ] To0Scheduler will run every 120 seconds
13:39:11.672 [INFO ] Session cleaner will run every 3600 seconds
13:39:11.682 [INFO ] Voucher auto-injection enabled.
13:39:11.762 [INFO ] HHH000412: Hibernate ORM core version 6.1.0.Final
13:39:12.134 [WARN ] HHH10001002: Using built-in connection pool (not intended for production use)
13:39:12.137 [INFO ] HHH10001005: Loaded JDBC driver class: org.mariadb.jdbc.Driver
13:39:12.137 [INFO ] HHH10001012: Connecting with JDBC URL [jdbc:mariadb://host.docker.internal:3306/emdb?useSSL=true]
13:39:12.137 [INFO ] HHH10001001: Connection properties: {password=****, requireSSL=true, autoReconnect=true, user=root}
13:39:12.137 [INFO ] HHH10001003: Autocommit mode: false
13:39:12.139 [INFO ] HHH10001115: Connection pool size: 20 (min=1)
13:39:12.382 [INFO ] HHH000400: Using dialect: org.hibernate.dialect.MariaDBDialect
13:39:13.010 [INFO ] HHH10001501: Connection obtained from JdbcConnectionAccess [org.hibernate.engine.jdbc.env.internal.JdbcEnvironmentInitiator$ConnectionProviderJdbcConnectionAccess@3f06ebe0] for (non-JTA) DDL execution was not in auto-commit mode; the Connection 'local transaction' will be committed and the Connection will be set into auto-commit mode.
13:39:13.498 [INFO ] Started All-in-one demo Service.
13:39:21.278 [INFO ] Type 30 [h'2DEAC0057436416A963494870C049503', [-7, h'']]
13:39:21.543 [INFO ] Type 31 [h'E6A97BBE882345E0B2F0DF7D299A8ED1', [-7, h'']]
13:39:21.771 [INFO ] Type 32 [h'A10126', {}, h'A20A50E6A97BBE882345E0B2F0DF7D299A8ED119010051012DEAC0057436416A963494870C049503', h'E23DF79D2207D1DA019FB17085B798A327D8123D4D211B4E17F5052D937A0544EDE9F77558D92B04A4D57CBE459A61C6096C16FFD5264383EA9DE7AC3B788616']
13:39:21.903 [INFO ] Type 255 [500, 32, "Unspecified error occurred.", 1707309561, 938300136]
13:42:50.761 [INFO ] To0Scheduler will run every 120 seconds
13:42:50.767 [INFO ] Session cleaner will run every 3600 seconds
13:42:50.775 [INFO ] Voucher auto-injection enabled.
13:42:50.828 [INFO ] HHH000412: Hibernate ORM core version 6.1.0.Final
13:42:51.200 [WARN ] HHH10001002: Using built-in connection pool (not intended for production use)
13:42:51.203 [INFO ] HHH10001005: Loaded JDBC driver class: org.mariadb.jdbc.Driver
13:42:51.204 [INFO ] HHH10001012: Connecting with JDBC URL [jdbc:mariadb://host.docker.internal:3306/emdb?useSSL=true]
13:42:51.204 [INFO ] HHH10001001: Connection properties: {password=****, requireSSL=true, autoReconnect=true, user=root}
13:42:51.204 [INFO ] HHH10001003: Autocommit mode: false
13:42:51.206 [INFO ] HHH10001115: Connection pool size: 20 (min=1)
13:42:51.434 [INFO ] HHH000400: Using dialect: org.hibernate.dialect.MariaDBDialect
13:42:52.045 [INFO ] HHH10001501: Connection obtained from JdbcConnectionAccess [org.hibernate.engine.jdbc.env.internal.JdbcEnvironmentInitiator$ConnectionProviderJdbcConnectionAccess@3f06ebe0] for (non-JTA) DDL execution was not in auto-commit mode; the Connection 'local transaction' will be committed and the Connection will be set into auto-commit mode.
13:42:52.427 [INFO ] Started All-in-one demo Service.
13:43:01.330 [INFO ] Type 30 [h'2DEAC0057436416A963494870C049503', [-7, h'']]
13:43:01.611 [INFO ] Type 31 [h'9E10DC5360C544B9BBA50E8793E6FD5D', [-7, h'']]
13:43:01.927 [INFO ] Type 32 [h'A10126', {}, h'A20A509E10DC5360C544B9BBA50E8793E6FD5D19010051012DEAC0057436416A963494870C049503', h'D412CE78D9C1822CAEE2FA171203032E77431EC8E145FDE68D93B4CC08E28A2F1E26FDDE00BDC65CB6BB9BBBDFED7ACEC86CC2F7B2DEA8ADE8552B306E029298']
13:43:02.058 [INFO ] Type 255 [500, 32, "Unspecified error occurred.", 1707309782, 1861034251]
13:49:48.719 [INFO ] To0Scheduler will run every 120 seconds
13:49:48.724 [INFO ] Session cleaner will run every 3600 seconds
13:49:48.733 [INFO ] Voucher auto-injection enabled.
13:49:48.793 [INFO ] HHH000412: Hibernate ORM core version 6.1.0.Final
13:49:49.184 [WARN ] HHH10001002: Using built-in connection pool (not intended for production use)
13:49:49.186 [INFO ] HHH10001005: Loaded JDBC driver class: org.mariadb.jdbc.Driver
13:49:49.187 [INFO ] HHH10001012: Connecting with JDBC URL [jdbc:mariadb://host.docker.internal:3306/emdb?useSSL=true]
13:49:49.187 [INFO ] HHH10001001: Connection properties: {password=****, requireSSL=true, autoReconnect=true, user=root}
13:49:49.187 [INFO ] HHH10001003: Autocommit mode: false
13:49:49.189 [INFO ] HHH10001115: Connection pool size: 20 (min=1)
13:49:49.424 [INFO ] HHH000400: Using dialect: org.hibernate.dialect.MariaDBDialect
13:49:50.037 [INFO ] HHH10001501: Connection obtained from JdbcConnectionAccess [org.hibernate.engine.jdbc.env.internal.JdbcEnvironmentInitiator$ConnectionProviderJdbcConnectionAccess@3f06ebe0] for (non-JTA) DDL execution was not in auto-commit mode; the Connection 'local transaction' will be committed and the Connection will be set into auto-commit mode.
13:49:50.476 [INFO ] Started All-in-one demo Service.
13:50:07.078 [INFO ] Type 30 [h'2DEAC0057436416A963494870C049503', [-7, h'']]
13:50:07.356 [INFO ] Type 31 [h'9CFF950698B440DE85DBF0320668CB0D', [-7, h'']]
13:50:07.604 [INFO ] Type 32 [h'A10126', {}, h'A20A509CFF950698B440DE85DBF0320668CB0D19010051012DEAC0057436416A963494870C049503', h'71ABE0C386A52F5C94F7BB1B4481232B772FEF9F54220BA747AE3689D375DC7B1EA729CD4D26CACBD5E4AF9949C62EE29F5F0783B86C3128F26DF011E8ECA5D8']
13:50:07.741 [INFO ] Type 255 [500, 32, "Unspecified error occurred.", 1707310207, 2221801017]
14:03:50.754 [INFO ] To0Scheduler will run every 120 seconds
14:03:50.760 [INFO ] Session cleaner will run every 3600 seconds
14:03:50.768 [INFO ] Voucher auto-injection enabled.
14:03:50.821 [INFO ] HHH000412: Hibernate ORM core version 6.1.0.Final
14:03:51.179 [WARN ] HHH10001002: Using built-in connection pool (not intended for production use)
14:03:51.182 [INFO ] HHH10001005: Loaded JDBC driver class: org.mariadb.jdbc.Driver
14:03:51.182 [INFO ] HHH10001012: Connecting with JDBC URL [jdbc:mariadb://host.docker.internal:3306/emdb?useSSL=true]
14:03:51.182 [INFO ] HHH10001001: Connection properties: {password=****, requireSSL=true, autoReconnect=true, user=root}
14:03:51.182 [INFO ] HHH10001003: Autocommit mode: false
14:03:51.184 [INFO ] HHH10001115: Connection pool size: 20 (min=1)
14:03:51.404 [INFO ] HHH000400: Using dialect: org.hibernate.dialect.MariaDBDialect
14:03:52.054 [INFO ] HHH10001501: Connection obtained from JdbcConnectionAccess [org.hibernate.engine.jdbc.env.internal.JdbcEnvironmentInitiator$ConnectionProviderJdbcConnectionAccess@3f06ebe0] for (non-JTA) DDL execution was not in auto-commit mode; the Connection 'local transaction' will be committed and the Connection will be set into auto-commit mode.
14:03:52.444 [INFO ] Started All-in-one demo Service.
14:04:01.680 [INFO ] Type 30 [h'2DEAC0057436416A963494870C049503', [-7, h'']]
14:04:01.942 [INFO ] Type 31 [h'9D2B5BF015454422B2C9814AA8F6D9BE', [-7, h'']]
14:04:02.154 [INFO ] Type 32 [h'A10126', {}, h'A20A509D2B5BF015454422B2C9814AA8F6D9BE19010051012DEAC0057436416A963494870C049503', h'BADB2043446C9ADC92E74C84FB698A2344A22730D4B48CBDCECDC6961D74AA43FFBB01A86C5236490ACC9CC7440C4A8DBF01A7BFDFD773202F813A1CD3D71A79']
14:04:02.278 [INFO ] Type 255 [500, 32, "Unspecified error occurred.", 1707311042, 797676748]
14:06:55.262 [INFO ] To0Scheduler will run every 120 seconds
14:06:55.267 [INFO ] Session cleaner will run every 3600 seconds
14:06:55.275 [INFO ] Voucher auto-injection enabled.
14:06:55.343 [INFO ] HHH000412: Hibernate ORM core version 6.1.0.Final
14:06:55.693 [WARN ] HHH10001002: Using built-in connection pool (not intended for production use)
14:06:55.695 [INFO ] HHH10001005: Loaded JDBC driver class: org.mariadb.jdbc.Driver
14:06:55.695 [INFO ] HHH10001012: Connecting with JDBC URL [jdbc:mariadb://host.docker.internal:3306/emdb?useSSL=true]
14:06:55.695 [INFO ] HHH10001001: Connection properties: {password=****, requireSSL=true, autoReconnect=true, user=root}
14:06:55.695 [INFO ] HHH10001003: Autocommit mode: false
14:06:55.697 [INFO ] HHH10001115: Connection pool size: 20 (min=1)
14:06:55.983 [INFO ] HHH000400: Using dialect: org.hibernate.dialect.MariaDBDialect
14:06:56.973 [INFO ] HHH10001501: Connection obtained from JdbcConnectionAccess [org.hibernate.engine.jdbc.env.internal.JdbcEnvironmentInitiator$ConnectionProviderJdbcConnectionAccess@3f06ebe0] for (non-JTA) DDL execution was not in auto-commit mode; the Connection 'local transaction' will be committed and the Connection will be set into auto-commit mode.
14:06:57.937 [INFO ] Started All-in-one demo Service.
14:07:08.813 [INFO ] Type 30 [h'2DEAC0057436416A963494870C049503', [-7, h'']]
14:07:09.104 [INFO ] Type 31 [h'188EFBBD8E434F24BC6F303B9AFA8747', [-7, h'']]
14:07:09.325 [INFO ] Type 32 [h'A10126', {}, h'A20A50188EFBBD8E434F24BC6F303B9AFA874719010051012DEAC0057436416A963494870C049503', h'813DB1ABC8F964D660F5BA424842E759BB31ADF811E40EF647B8E048C9DBCF06DE53A14D57D6325D713C77DB506801538CEC07355E55775F6BA7073F6697BEAE']
14:07:09.428 [INFO ] Type 255 [500, 32, "Unspecified error occurred.", 1707311229, 3776952924]
14:29:10.787 [INFO ] To0Scheduler will run every 120 seconds
14:29:10.794 [INFO ] Session cleaner will run every 3600 seconds
14:29:10.804 [INFO ] Voucher auto-injection enabled.
14:29:10.863 [INFO ] HHH000412: Hibernate ORM core version 6.1.0.Final
14:29:11.261 [WARN ] HHH10001002: Using built-in connection pool (not intended for production use)
14:29:11.263 [INFO ] HHH10001005: Loaded JDBC driver class: org.mariadb.jdbc.Driver
14:29:11.263 [INFO ] HHH10001012: Connecting with JDBC URL [jdbc:mariadb://host.docker.internal:3306/emdb?useSSL=true]
14:29:11.264 [INFO ] HHH10001001: Connection properties: {password=****, requireSSL=true, autoReconnect=true, user=root}
14:29:11.264 [INFO ] HHH10001003: Autocommit mode: false
14:29:11.266 [INFO ] HHH10001115: Connection pool size: 20 (min=1)
14:29:11.538 [INFO ] HHH000400: Using dialect: org.hibernate.dialect.MariaDBDialect
14:29:12.212 [INFO ] HHH10001501: Connection obtained from JdbcConnectionAccess [org.hibernate.engine.jdbc.env.internal.JdbcEnvironmentInitiator$ConnectionProviderJdbcConnectionAccess@3f06ebe0] for (non-JTA) DDL execution was not in auto-commit mode; the Connection 'local transaction' will be committed and the Connection will be set into auto-commit mode.
14:29:12.634 [INFO ] Started All-in-one demo Service.
14:29:24.593 [INFO ] Type 30 [h'2DEAC0057436416A963494870C049503', [-7, h'']]
14:29:24.875 [INFO ] Type 31 [h'7C8D7EE81AA04906BA32D105737601F7', [-7, h'']]
14:29:25.121 [INFO ] Type 32 [h'A10126', {}, h'A20A507C8D7EE81AA04906BA32D105737601F719010051012DEAC0057436416A963494870C049503', h'6CA3F6E489C7073F10FBA7D174880868ADC147117E454CC83521272C0A3E3D65BFDE91B89828F3CA21B6741D3E83B83A44247D15E50E389C9E37B8F191CE07D4']
14:29:25.257 [INFO ] Type 255 [500, 32, "Unspecified error occurred.", 1707312565, 2462260679]
14:32:21.816 [INFO ] To0Scheduler will run every 120 seconds
14:32:21.821 [INFO ] Session cleaner will run every 3600 seconds
14:32:21.830 [INFO ] Voucher auto-injection enabled.
14:32:21.885 [INFO ] HHH000412: Hibernate ORM core version 6.1.0.Final
14:32:22.268 [WARN ] HHH10001002: Using built-in connection pool (not intended for production use)
14:32:22.270 [INFO ] HHH10001005: Loaded JDBC driver class: org.mariadb.jdbc.Driver
14:32:22.270 [INFO ] HHH10001012: Connecting with JDBC URL [jdbc:mariadb://host.docker.internal:3306/emdb?useSSL=true]
14:32:22.271 [INFO ] HHH10001001: Connection properties: {password=****, requireSSL=true, autoReconnect=true, user=root}
14:32:22.271 [INFO ] HHH10001003: Autocommit mode: false
14:32:22.273 [INFO ] HHH10001115: Connection pool size: 20 (min=1)
14:32:22.534 [INFO ] HHH000400: Using dialect: org.hibernate.dialect.MariaDBDialect
14:32:23.221 [INFO ] HHH10001501: Connection obtained from JdbcConnectionAccess [org.hibernate.engine.jdbc.env.internal.JdbcEnvironmentInitiator$ConnectionProviderJdbcConnectionAccess@3f06ebe0] for (non-JTA) DDL execution was not in auto-commit mode; the Connection 'local transaction' will be committed and the Connection will be set into auto-commit mode.
14:32:23.672 [INFO ] Started All-in-one demo Service.
14:32:34.678 [INFO ] Type 30 [h'2DEAC0057436416A963494870C049503', [-7, h'']]
14:32:34.953 [INFO ] Type 31 [h'88F3DB251A024D4C93A96B5D30B70DB2', [-7, h'']]
14:32:35.252 [INFO ] Type 32 [h'A10126', {}, h'A20A5088F3DB251A024D4C93A96B5D30B70DB219010051012DEAC0057436416A963494870C049503', h'69E53AA09685DF1C6BB7B9355CD01972CF621B15578187B3FE12ACAAF8E34ECE18755ABE4DB2D2D9BB7B9077897FBFB1F656A5E10E52A8374B58DDFAFF22E06C']
14:32:35.408 [INFO ] Type 255 [500, 32, "Unspecified error occurred.", 1707312755, 2573873208]
14:35:53.259 [INFO ] To0Scheduler will run every 120 seconds
14:35:53.264 [INFO ] Session cleaner will run every 3600 seconds
14:35:53.272 [INFO ] Voucher auto-injection enabled.
14:35:53.325 [INFO ] HHH000412: Hibernate ORM core version 6.1.0.Final
14:35:53.707 [WARN ] HHH10001002: Using built-in connection pool (not intended for production use)
14:35:53.710 [INFO ] HHH10001005: Loaded JDBC driver class: org.mariadb.jdbc.Driver
14:35:53.710 [INFO ] HHH10001012: Connecting with JDBC URL [jdbc:mariadb://host.docker.internal:3306/emdb?useSSL=true]
14:35:53.710 [INFO ] HHH10001001: Connection properties: {password=****, requireSSL=true, autoReconnect=true, user=root}
14:35:53.710 [INFO ] HHH10001003: Autocommit mode: false
14:35:53.712 [INFO ] HHH10001115: Connection pool size: 20 (min=1)
14:35:53.962 [INFO ] HHH000400: Using dialect: org.hibernate.dialect.MariaDBDialect
14:35:54.563 [INFO ] HHH10001501: Connection obtained from JdbcConnectionAccess [org.hibernate.engine.jdbc.env.internal.JdbcEnvironmentInitiator$ConnectionProviderJdbcConnectionAccess@3f06ebe0] for (non-JTA) DDL execution was not in auto-commit mode; the Connection 'local transaction' will be committed and the Connection will be set into auto-commit mode.
14:35:54.980 [INFO ] Started All-in-one demo Service.
14:36:09.471 [INFO ] Type 30 [h'2DEAC0057436416A963494870C049503', [-7, h'']]
14:36:09.769 [INFO ] Type 31 [h'8EDFD2D229584D50BF16C36B88BBD150', [-7, h'']]
14:36:10.078 [INFO ] Type 32 [h'A10126', {}, h'A20A508EDFD2D229584D50BF16C36B88BBD15019010051012DEAC0057436416A963494870C049503', h'3E12B0ADAFA3FCA4D42EF188A440FC72D42C171411D54434C17F0D518896C93A3EA005394FB665CDF1ADA49833344F85735DF3BD17A2E1F1AD480FD310886CFF']
14:36:10.235 [INFO ] Type 255 [500, 32, "Unspecified error occurred.", 1707312970, 204975505]
14:51:01.430 [INFO ] To0Scheduler will run every 120 seconds
14:51:01.436 [INFO ] Session cleaner will run every 3600 seconds
14:51:01.447 [INFO ] Voucher auto-injection enabled.
14:51:01.507 [INFO ] HHH000412: Hibernate ORM core version 6.1.0.Final
14:51:01.897 [WARN ] HHH10001002: Using built-in connection pool (not intended for production use)
14:51:01.899 [INFO ] HHH10001005: Loaded JDBC driver class: org.mariadb.jdbc.Driver
14:51:01.900 [INFO ] HHH10001012: Connecting with JDBC URL [jdbc:mariadb://host.docker.internal:3306/emdb?useSSL=true]
14:51:01.900 [INFO ] HHH10001001: Connection properties: {password=****, requireSSL=true, autoReconnect=true, user=root}
14:51:01.900 [INFO ] HHH10001003: Autocommit mode: false
14:51:01.903 [INFO ] HHH10001115: Connection pool size: 20 (min=1)
14:51:02.178 [INFO ] HHH000400: Using dialect: org.hibernate.dialect.MariaDBDialect
14:51:02.807 [INFO ] HHH10001501: Connection obtained from JdbcConnectionAccess [org.hibernate.engine.jdbc.env.internal.JdbcEnvironmentInitiator$ConnectionProviderJdbcConnectionAccess@3f06ebe0] for (non-JTA) DDL execution was not in auto-commit mode; the Connection 'local transaction' will be committed and the Connection will be set into auto-commit mode.
14:51:03.265 [INFO ] Started All-in-one demo Service.
14:51:08.323 [INFO ] Type 30 [h'2DEAC0057436416A963494870C049503', [-7, h'']]
14:51:08.652 [INFO ] Type 31 [h'367E1F3938044864B02D4CF6F0A7EE4A', [-7, h'']]
14:51:08.937 [INFO ] Type 32 [h'A10126', {}, h'A20A50367E1F3938044864B02D4CF6F0A7EE4A19010051012DEAC0057436416A963494870C049503', h'F2B309C3B9438CAD46B4C76D3E24358393D17ADD2B53F89DC06348FED613E82BF9AC4B3CEC47BEA06D4A6F0C760AD659E5434F73A28ED9F492C34DB8E64E7B59']
14:51:09.044 [INFO ] Type 255 [500, 32, "Unspecified error occurred.", 1707313869, 2138804722]
15:33:14.045 [INFO ] To0Scheduler will run every 120 seconds
15:33:14.050 [INFO ] Session cleaner will run every 3600 seconds
15:33:14.058 [INFO ] Voucher auto-injection enabled.
15:33:14.115 [INFO ] HHH000412: Hibernate ORM core version 6.1.0.Final
15:33:14.542 [WARN ] HHH10001002: Using built-in connection pool (not intended for production use)
15:33:14.544 [INFO ] HHH10001005: Loaded JDBC driver class: org.mariadb.jdbc.Driver
15:33:14.544 [INFO ] HHH10001012: Connecting with JDBC URL [jdbc:mariadb://host.docker.internal:3306/emdb?useSSL=true]
15:33:14.545 [INFO ] HHH10001001: Connection properties: {password=****, requireSSL=true, autoReconnect=true, user=root}
15:33:14.545 [INFO ] HHH10001003: Autocommit mode: false
15:33:14.547 [INFO ] HHH10001115: Connection pool size: 20 (min=1)
15:33:14.785 [INFO ] HHH000400: Using dialect: org.hibernate.dialect.MariaDBDialect
15:33:15.383 [INFO ] HHH10001501: Connection obtained from JdbcConnectionAccess [org.hibernate.engine.jdbc.env.internal.JdbcEnvironmentInitiator$ConnectionProviderJdbcConnectionAccess@3f06ebe0] for (non-JTA) DDL execution was not in auto-commit mode; the Connection 'local transaction' will be committed and the Connection will be set into auto-commit mode.
15:33:15.785 [INFO ] Started All-in-one demo Service.
15:33:39.932 [INFO ] Type 30 [h'2DEAC0057436416A963494870C049503', [-7, h'']]
15:33:40.218 [INFO ] Type 31 [h'47D710803277441EB97A459D62B5E9F8', [-7, h'']]
15:33:40.466 [INFO ] Type 32 [h'A10126', {}, h'A20A5047D710803277441EB97A459D62B5E9F819010051012DEAC0057436416A963494870C049503', h'0EAEB132CB5D3A5B51A9164D6E4C012AEDA3CACB865377D788BD5EEDB9F2117CE617A1B75B20A7C6C137C7A26369A64EFD05899D9518E690A0E5BDC2B90292FF']
15:33:40.577 [INFO ] Type 33 [h'A1013822', {}, h'828184447F00000174686F73742E646F636B65722E696E7465726E616C191F90038206F6', h'9B6CF21682F7A9E6507E03CEE714A760CE75EFDA769C20CE86EADB7C07BC9DB4DCF929B2CC22A6104A7319D938E45F3F2889FC2289FE763CCBF2A693C1B9E50CB098847C6BC7A9BD337EE8DBAADA8E4D6B49403FE7EBC2ED19EB90DA07A8199D']
15:33:40.628 [INFO ] Type 60 [0, h'2DEAC0057436416A963494870C049503', h'5B1834CDF65E41E192F63FDDF83451C6', "ECDH256", 3, [-7, h'']]
15:33:40.860 [INFO ] Type 61 [h'A10126', {256: h'BC40D2D1D0A04FA3B50ECEA39F8B8F44', 257: [10, 1, h'3059301306072A8648CE3D020106082A8648CE3D03010703420004BDF328A928096EA7BE37008A687367B558BF39BFCE252732114578E760E3EEC900185BE3717E33695B6AD83743E34370F5B9A000722654FC54A5430762D83AF5']}, h'8858D5861865502DEAC0057436416A963494870C049503818582055574686F73742E646F636B65722E696E7465726E616C820343191F90820C410182024544AC1100018204431920FB6A44656D6F446576696365830A01585B3059301306072A8648CE3D020106082A8648CE3D030107034200040D7148E801585D5D4A5CDD884D26AD7CC8AD6D41867F47AB7318AE2CBC3052F11897F8E82FCE69C99FC0873E9EBEBC9C981A3F554C091848EB9C386A8BE00774822F5820F788E3E038D844F576BC8AC5860E15D5C7C0E72978429DDE97F711BCC0FBB75701820558200111C878094431308DDBE0DBAECCD172DF22EFCC22015124FA5E4ECE15301657505B1834CDF65E41E192F63FDDF83451C68226405856002060ED513A13B79C4A73BCAA0825D98543DF186C57B4AEBE866B3A82F8B85619850020323F7F5DE4536B71A5E3B188914A54E77DE151B8AAC99A68BFEFE33536230E8D00107C3D4B1E5671D3144B3D8B976EB14043822F58206B2C8980B2030CBC754F1AF40DE49957C2630EB74BD0E6861EDF042908BA644300', h'070540B10B1E7A1AEBB16C82C14A0E4A3B04B826C88B660BED3AF2475FD48BED0791895DF1F5A6C861E0449CCC22B18D3EBD408B4D74049BAF24A99CC0609758']
15:57:54.088 [INFO ] To0Scheduler will run every 120 seconds
15:57:54.095 [INFO ] Session cleaner will run every 3600 seconds
15:57:54.103 [INFO ] Voucher auto-injection enabled.
15:57:54.158 [INFO ] HHH000412: Hibernate ORM core version 6.1.0.Final
15:57:54.526 [WARN ] HHH10001002: Using built-in connection pool (not intended for production use)
15:57:54.528 [INFO ] HHH10001005: Loaded JDBC driver class: org.mariadb.jdbc.Driver
15:57:54.528 [INFO ] HHH10001012: Connecting with JDBC URL [jdbc:mariadb://host.docker.internal:3306/emdb?useSSL=true]
15:57:54.529 [INFO ] HHH10001001: Connection properties: {password=****, requireSSL=true, autoReconnect=true, user=root}
15:57:54.529 [INFO ] HHH10001003: Autocommit mode: false
15:57:54.531 [INFO ] HHH10001115: Connection pool size: 20 (min=1)
15:57:54.771 [INFO ] HHH000400: Using dialect: org.hibernate.dialect.MariaDBDialect
15:57:55.419 [INFO ] HHH10001501: Connection obtained from JdbcConnectionAccess [org.hibernate.engine.jdbc.env.internal.JdbcEnvironmentInitiator$ConnectionProviderJdbcConnectionAccess@3f06ebe0] for (non-JTA) DDL execution was not in auto-commit mode; the Connection 'local transaction' will be committed and the Connection will be set into auto-commit mode.
15:57:55.807 [INFO ] Started All-in-one demo Service.
15:58:20.590 [INFO ] Type 30 [h'2DEAC0057436416A963494870C049503', [-7, h'']]
15:58:20.869 [INFO ] Type 31 [h'479E1D26045C447BA926777CD5766BAB', [-7, h'']]
15:58:21.171 [INFO ] Type 32 [h'A10126', {}, h'A20A50479E1D26045C447BA926777CD5766BAB19010051012DEAC0057436416A963494870C049503', h'CAE499AD4CAFF2167FBA7907552D6914F31ED20F9222E4E52B92F9CBA0BF9B1EAA8408B09C4FB3713F26A5D00ADD5D4CAAE79DC830EE87BEED653D5F8D47EDE8']
15:58:21.312 [INFO ] Type 33 [h'A1013822', {}, h'828184447F00000176686F73742E646F636B65722E696E7465726E616C6C6C191F90038206F6', h'946573CA52322EEBF40C75C9038702F637E24D8124220F3B20D4C587BD43A10E75BAF6D19B81248583B2DCF3ADABE1D5389E889135F2D80BAB2B8467AB1F37F0E00C67E7EAC9CA023137573F5905961C3669DA439126AAE7B9614001AC3A2CE3']
15:58:21.382 [INFO ] Type 60 [0, h'2DEAC0057436416A963494870C049503', h'DBEF739C4A51450F9AE520E32D891814', "ECDH256", 3, [-7, h'']]
15:58:21.630 [INFO ] Type 61 [h'A10126', {256: h'85085E16ED4A40CF822E27E3154FC763', 257: [10, 1, h'3059301306072A8648CE3D020106082A8648CE3D03010703420004BDF328A928096EA7BE37008A687367B558BF39BFCE252732114578E760E3EEC900185BE3717E33695B6AD83743E34370F5B9A000722654FC54A5430762D83AF5']}, h'8858D5861865502DEAC0057436416A963494870C049503818582055574686F73742E646F636B65722E696E7465726E616C820343191F90820C410182024544AC1100018204431920FB6A44656D6F446576696365830A01585B3059301306072A8648CE3D020106082A8648CE3D030107034200040D7148E801585D5D4A5CDD884D26AD7CC8AD6D41867F47AB7318AE2CBC3052F11897F8E82FCE69C99FC0873E9EBEBC9C981A3F554C091848EB9C386A8BE00774822F5820F788E3E038D844F576BC8AC5860E15D5C7C0E72978429DDE97F711BCC0FBB75701820558200111C878094431308DDBE0DBAECCD172DF22EFCC22015124FA5E4ECE1530165750DBEF739C4A51450F9AE520E32D8918148226405856002013F2BC57EC22D46A12BB29934AA6326AB141A1E40F0A9A55221D54B9EDD6F4B60020AFA63DD604FFA2DEAB842F488AE76DEB50F94C3AB81826B9A25FCF6855E471E500108A78E6EBDAD120B86F2785B26E9CEA45822F582046879BA8FA57AA07EA0CEF61EBD52EC4A5A56B9904B1AA2640DB98827CDB83DE00', h'B065C6E7DA78387DC2D3207A4FF7E8AA0785FC7FF8B718AA88BFF1B195535DDA3E9AE61628A9AEE803476EEA3512E6B7EDD3D3F50B23105510A24322074117C4']
16:43:24.305 [INFO ] To0Scheduler will run every 120 seconds
16:43:24.311 [INFO ] Session cleaner will run every 3600 seconds
16:43:24.321 [INFO ] Voucher auto-injection enabled.
16:43:24.380 [INFO ] HHH000412: Hibernate ORM core version 6.1.0.Final
16:43:24.718 [WARN ] HHH10001002: Using built-in connection pool (not intended for production use)
16:43:24.720 [INFO ] HHH10001005: Loaded JDBC driver class: org.mariadb.jdbc.Driver
16:43:24.721 [INFO ] HHH10001012: Connecting with JDBC URL [jdbc:mariadb://host.docker.internal:3306/emdb?useSSL=true]
16:43:24.721 [INFO ] HHH10001001: Connection properties: {password=****, requireSSL=true, autoReconnect=true, user=root}
16:43:24.721 [INFO ] HHH10001003: Autocommit mode: false
16:43:24.724 [INFO ] HHH10001115: Connection pool size: 20 (min=1)
16:43:24.968 [INFO ] HHH000400: Using dialect: org.hibernate.dialect.MariaDBDialect
16:43:25.583 [INFO ] HHH10001501: Connection obtained from JdbcConnectionAccess [org.hibernate.engine.jdbc.env.internal.JdbcEnvironmentInitiator$ConnectionProviderJdbcConnectionAccess@3f06ebe0] for (non-JTA) DDL execution was not in auto-commit mode; the Connection 'local transaction' will be committed and the Connection will be set into auto-commit mode.
16:43:25.987 [INFO ] Started All-in-one demo Service.
16:43:44.193 [INFO ] Type 30 [h'2DEAC0057436416A963494870C049503', [-7, h'']]
16:43:44.472 [INFO ] Type 31 [h'6DB05D43DD7F4867B6C88F3242177030', [-7, h'']]
16:43:44.788 [INFO ] Type 32 [h'A10126', {}, h'A20A506DB05D43DD7F4867B6C88F324217703019010051012DEAC0057436416A963494870C049503', h'3B7BF16F930DFA5F52B75EE04C00D2327BB45F528F73E22720C461A799244D90EE92DDD7BB9330B42281F4D21C82AF23B09F6AE454976C8B14A6EBCBF7C6F92B']
16:43:44.885 [INFO ] Type 33 [h'A1013822', {}, h'828184447F00000174686F73742E646F636B65722E696E7465726E616C191F90038206F6', h'730167F375FF836F5BC7A6C6B10ABD0117CFE392574579C0A865FEA66E87E7258800422CAF9E8322F4E506B98D380D512E5D03047CDA736A0BBC7FA1EAEB32D3B196A330DB53EFC69A4938E1DC96AE86A8B04C9D5D66A00833E9B4956AC90DF6']
16:43:44.940 [INFO ] Type 60 [0, h'2DEAC0057436416A963494870C049503', h'C467037382054ADD8378DEE332A5E812', "ECDH256", 3, [-7, h'']]
16:43:45.140 [INFO ] Type 61 [h'A1013822', {256: h'71AA2035C11145CDA56F0114B72C2FD7', 257: [11, 1, h'3076301006072A8648CE3D020106052B81040022036200044B869CFFD1076B411B9D95E9D7119F48DB502120B76A270D9218D3E740218E9804D30EAC9FF41F117CA42FD3195DD68C0E9575445A26C8322C3A742E4AFD1A62A5A14E85068A268FC2A5E625F3C36D6913B0F56ADB975838A17C17A66A3C0438']}, h'8858D5861865502DEAC0057436416A963494870C049503818582055574686F73742E646F636B65722E696E7465726E616C820343191F90820C410182024544AC1100018204431920FB6A44656D6F446576696365830A01585B3059301306072A8648CE3D020106082A8648CE3D030107034200040D7148E801585D5D4A5CDD884D26AD7CC8AD6D41867F47AB7318AE2CBC3052F11897F8E82FCE69C99FC0873E9EBEBC9C981A3F554C091848EB9C386A8BE00774822F5820F788E3E038D844F576BC8AC5860E15D5C7C0E72978429DDE97F711BCC0FBB75701820558200111C878094431308DDBE0DBAECCD172DF22EFCC22015124FA5E4ECE1530165750C467037382054ADD8378DEE332A5E81282264058560020E88B37013685354936B49DC6C97F396DB0D2DB2013B3DD1545E5CE49713924780020479888B9CFD1A4E8F0D569479DCBA3A3BB6CF4C050C55B54F2064BAD04FA26D40010E2508348C2E129D54E739F34184329FD822F58206EAAEB0BB3687940C515947CFD221B2BF6A95F5362AB7827E22FEE958D45E7A600', h'EC17657266551F76B8ECE3247A7A21C3DAFC821F7D57D8E941CCA93F643B0A599BEAB8F19A0DD85AFE4E274D41954FA7F1C3FAE596B251581CEB1ED3F44E107AE0EDC5E0CC290109EB5B9AF5AB30564AF141AF9BFE573CAC5E5C5BC7664C2EBA']
16:43:45.447 [INFO ] Type 62 [0]
16:43:45.464 [INFO ] Type 63 [0, [h'A10126', {}, h'84822F58200C2BD43CAF0163590BC400C46F989C47F3AAAA6D5E23F04D4F412F90DB6B4542822F582078B8BD574C8583CAAF1792EBED6CD396C2DFB6B0F313704EBB92C2C67A0782C7F6830A01585B3059301306072A8648CE3D020106082A8648CE3D03010703420004BDF328A928096EA7BE37008A687367B558BF39BFCE252732114578E760E3EEC900185BE3717E33695B6AD83743E34370F5B9A000722654FC54A5430762D83AF5', h'C62621CCB410964E2526152C730A2A7832E3D3284700F568B78ABB30634084B937334628460D0E21D0D41CBDA6EADCE59CEE40497F51D85E5DAA6EEF1EF1DE7C']]
16:43:45.545 [INFO ] Type 64 [h'A10126', {-259: h'96AA4C7B5B974DEAB212DDD206706FD8'}, h'A30A5071AA2035C11145CDA56F0114B72C2FD719010051012DEAC0057436416A963494870C0495033901008158560020CF1F8BF5C2A0C6399534C2C8ECB64C5056BF674BFEE1AD6464A627E95B80AD0300201F195AEA96E17D0B1BD713B9E8F02F0A91B87C9EC2A3A9A6A8F2FE673F4F8B700010C990BDD84B620F1EA82F4DA3BE751EC9', h'8E9AA3888EDF994B95AA3FA1DE3FCB4C5854ED8A814AA6E69457A91DEF1CBF1FF11083C3529BD041BBF532B9F54127C8803BFE6303B5F0535199FD71000ABC1C']
16:43:45.785 [INFO ] Type 65 [h'A10103', {5: h'39484A3FD2E81C657A93A09E'}, h'3C26C274E11AED6FAC957AC549CA45D338AEFEBCF14BF9042D2C8086AC71E1EF844DF03676807BA80766DACCAA9E72825E8F38F174D13A843FA17306A2E1A1096C090403ADE772527C8BED3725A476CC98BBCF420E7B210F2634D197489ADA02A9D19F91E331874BB014ADBB37F55E41D490D4AC042DFEFBC55ED24C3E4B08DC61FAEBBF68797ED998AA474CA6D5CDABB85263067E63C78110194C4C1005ADC28E68729738CE867AE8272AE61C6CCEEAF22A4F473605DE70E3D2D6E5A63C1E5AFF7C86809562062F6D1313BA9D279F3D1506ECA6E56DF3E0A6D3A86153CE10632BFE21B7971DD3B2EAA3E133F15DA2288724F4440303862DA6BC7D5DB636331B18F79A3E8F52F4098ECE9FB690D20E48']
16:43:45.801 [INFO ] Type 66 [h'A10103', {5: h'4AFAE92EC24A040DAF067901'}, h'E815725F14CF0DB0A358AB8FE8D3642629042C22AB092FA6257C67D3F699314321CA9A0DCEAAC13030A56C59F5B69DFE0DBA07C8FB59EAE4']
16:43:45.884 [INFO ] Type 67 [h'A10103', {5: h'796101CE33E773BE7E3DF080'}, h'DDF2E9B0576B30FCE42851D7F6AB5A4B168C']
16:43:45.897 [INFO ] Type 68 [h'A10103', {5: h'3C60ADFF60B2DA2BC11B6364'}, h'B88BD16428455E4350E168D4778DC1A36B1011D8E864751DBC35A0C72C25A328D6F3F8FCFA87BC9FAB46B9CBB3D6BB79307A8356891BC5DAD86EEBCB35F476D9BD141E21566D7FCFCE90F5173823FA38956178F915E0D1674021A8A53436ECADD6A2E006DBF938A544FCEEE3F4B3C24FEF10C0814B71127AFDD539CCC62BAD08264D41BEE084559CD9CAEF701F0B26849555E08E3C131225EA52C9920CEDD24195D25D0BD56BBF7DC90E704A8888579556951E33C141CBF60AD116360BFB4092DF0951D270638C46A04576327046B43A215CD3264288CD073311EA709FBB28206FC8FF62A1C246CC0465811EDD1D6D79D5AC7A4A7C6261819D']
16:43:45.976 [INFO ] Type 69 [h'A10103', {5: h'46183D2F14DC3315898A321D'}, h'2DFB35F06D28728623797DA7785571FEB723C88B85B4BC01C8E71BE3A76794A39B06F02DF4B4']
16:43:45.987 [INFO ] Type 70 [h'A10103', {5: h'CB9185023B42617D41E908AC'}, h'24C1A285AC5D5474ED22648ACBB0DB38AEF141CC3867FA13FC1B3F54930F56F0A175']
16:43:46.091 [INFO ] Type 71 [h'A10103', {5: h'A13E172164784396B9AAF8FA'}, h'D8F499376E68FD69CFF86728E0E1AF66BFF323C589B6D3018C95C22D570CBD35322E']
16:58:42.727 [INFO ] To0Scheduler will run every 120 seconds
16:58:42.732 [INFO ] Session cleaner will run every 3600 seconds
16:58:42.740 [INFO ] Voucher auto-injection enabled.
16:58:42.795 [INFO ] HHH000412: Hibernate ORM core version 6.1.0.Final
16:58:43.162 [WARN ] HHH10001002: Using built-in connection pool (not intended for production use)
16:58:43.164 [INFO ] HHH10001005: Loaded JDBC driver class: org.mariadb.jdbc.Driver
16:58:43.164 [INFO ] HHH10001012: Connecting with JDBC URL [jdbc:mariadb://host.docker.internal:3306/emdb?useSSL=true]
16:58:43.165 [INFO ] HHH10001001: Connection properties: {password=****, requireSSL=true, autoReconnect=true, user=root}
16:58:43.165 [INFO ] HHH10001003: Autocommit mode: false
16:58:43.166 [INFO ] HHH10001115: Connection pool size: 20 (min=1)
16:58:43.401 [INFO ] HHH000400: Using dialect: org.hibernate.dialect.MariaDBDialect
16:58:44.014 [INFO ] HHH10001501: Connection obtained from JdbcConnectionAccess [org.hibernate.engine.jdbc.env.internal.JdbcEnvironmentInitiator$ConnectionProviderJdbcConnectionAccess@3f06ebe0] for (non-JTA) DDL execution was not in auto-commit mode; the Connection 'local transaction' will be committed and the Connection will be set into auto-commit mode.
16:58:44.404 [INFO ] Started All-in-one demo Service.
16:58:55.875 [INFO ] Type 30 [h'2DEAC0057436416A963494870C049503', [-7, h'']]
16:58:56.147 [INFO ] Type 31 [h'ACE9B59BE87B41079B6C4CF672701229', [-7, h'']]
16:58:56.390 [INFO ] Type 32 [h'A10126', {}, h'A20A50ACE9B59BE87B41079B6C4CF67270122919010051012DEAC0057436416A963494870C049503', h'B01969F92D2A825EE467A53CEA9CE2AA4AE23EEF5BAA128514E1E03648A52FD80DFE72114260D82065B11A7CB9DC17EAE24AC15BAA483DA4413BB934832B371B']
16:58:56.483 [INFO ] Type 33 [h'A1013822', {}, h'828184447F00000174686F73742E646F636B65722E696E7465726E616C191F90038206F6', h'C3DD67992CEAB07F01524CFF83CBA47F113147CA72487FEDACA003540A3EE532E58FD2660FE84724CABAD455B37FEA35697D38BAEE7B12141CD9AE8337DBE69A9DCE407A4A448EA981051E6CBE993355D2FFA02C6A0B2C49149D80AA8196B6C6']
16:58:56.540 [INFO ] Type 60 [0, h'2DEAC0057436416A963494870C049503', h'D5BC8989110E4C18BA7555B4571BBBBB', "ECDH256", 3, [-7, h'']]
16:58:56.740 [INFO ] Type 61 [h'A1013822', {256: h'7F2C7A39A55F48699E0AFC6E84A26977', 257: [11, 1, h'3076301006072A8648CE3D020106052B81040022036200044B869CFFD1076B411B9D95E9D7119F48DB502120B76A270D9218D3E740218E9804D30EAC9FF41F117CA42FD3195DD68C0E9575445A26C8322C3A742E4AFD1A62A5A14E85068A268FC2A5E625F3C36D6913B0F56ADB975838A17C17A66A3C0438']}, h'8858D5861865502DEAC0057436416A963494870C049503818582055574686F73742E646F636B65722E696E7465726E616C820343191F90820C410182024544AC1100018204431920FB6A44656D6F446576696365830A01585B3059301306072A8648CE3D020106082A8648CE3D030107034200040D7148E801585D5D4A5CDD884D26AD7CC8AD6D41867F47AB7318AE2CBC3052F11897F8E82FCE69C99FC0873E9EBEBC9C981A3F554C091848EB9C386A8BE00774822F5820F788E3E038D844F576BC8AC5860E15D5C7C0E72978429DDE97F711BCC0FBB75701820558200111C878094431308DDBE0DBAECCD172DF22EFCC22015124FA5E4ECE1530165750D5BC8989110E4C18BA7555B4571BBBBB82264058560020BC4CC810341070851A654450D6345E32B781D1931AA54867C1257A27DD97EE090020809EB8065FC907FEDF11EDC09EC15626FA4303F43A3F42695B3C84AFF8C57BD60010C9E2D972188C8CFA54817C4FC9653870822F58203EAFEED7A95E16FA1D02263B5D0B0CF7AACE757BAF3AED3F5B9045240A4D3E3C00', h'8B92084A14779186F80CE8A8A05D975335EA8DFB0622C5AA1D61E84434EA09908C0BC789549B44C69E434DFC809F1D6CC367A5BC2C29937813FD0E94E8445D0C467059D0A891846C8DEDEF4AE64BA60BA81B834C92B29FC6D65E36814EBACAF7']
16:58:57.058 [INFO ] Type 62 [0]
16:58:57.108 [INFO ] Type 63 [0, [h'A10126', {}, h'84822F58200C2BD43CAF0163590BC400C46F989C47F3AAAA6D5E23F04D4F412F90DB6B4542822F582078B8BD574C8583CAAF1792EBED6CD396C2DFB6B0F313704EBB92C2C67A0782C7F6830A01585B3059301306072A8648CE3D020106082A8648CE3D03010703420004BDF328A928096EA7BE37008A687367B558BF39BFCE252732114578E760E3EEC900185BE3717E33695B6AD83743E34370F5B9A000722654FC54A5430762D83AF5', h'C62621CCB410964E2526152C730A2A7832E3D3284700F568B78ABB30634084B937334628460D0E21D0D41CBDA6EADCE59CEE40497F51D85E5DAA6EEF1EF1DE7C']]
16:58:57.214 [INFO ] Type 64 [h'A10126', {-259: h'AE9670E3ADFD4034980D7838DF089B04'}, h'A30A507F2C7A39A55F48699E0AFC6E84A2697719010051012DEAC0057436416A963494870C049503390100815856002084293883F9E7AA00D12943982426ABDB8ACA277B6DC04C3BA619489DACD68261002074AC20E36A1DF39F27C1A22FCAD2227AF011BFCF8DF1B3C0F4FD3312ED614153001056180BC3D8A08254A631AC74E42A032F', h'5F0F99E656B68E033B18D46DF3F2D7FFE2418407EAB5B2A9CE27B9ED7610D43EAF4F5A429884814555B728D8394EC561523B26BAA4875390D1C3761C2379F154']
16:58:57.416 [INFO ] Type 65 [h'A10103', {5: h'C0A956CAE50F7596C66489C7'}, h'69BCBCEE8C4B81B4A02E369D0D95293692A11146FDEE1D1F937F5F66533838FA504A1C455B79C6A1807492C1660B3C13469F9AF16D85CD09FE8420528025250517C031BF335748B24CF05B6C259A0B84FD267A6C55DA4BF206FC8EE5FAE18E007B9BE133907566D0138EFF4F044367008C7A1F1F9134F297D059C2B271B190457F77A9D2174D3D65D5C1B4F8E6D56FDE3A3E4366AF49622FF23373F22799A73B3F076EC1CD5B57C9B58B5A661EC665D5C3D0D60ADB739687116252C745ABF74CC7B412DFF354B1A4161B9D797213C4F1BE1A9AFF7BB0B97B9EFEA2194CB2279E7AF46A247D8E82FCB515FBDF2CC811824C844E2E909470792A29E27C4F8A1688CDBC8235C6EA8C5E8302EA86A046C27E']
16:58:57.433 [INFO ] Type 66 [h'A10103', {5: h'A2C6BF3850E502D246540702'}, h'5AE3F2E22220E7E29425E08EF2CF300907F4717B6884A5A5EEF8E9CA8BF45DC8E8605959383F640A1E99D4DB4FC317666255DA3D6B623669']
16:58:57.507 [INFO ] Type 67 [h'A10103', {5: h'CAF5DF936AFDD51348533EE3'}, h'C6DFDB5C0EA14FD43EA5FBCEF5799BA255A5']
16:58:57.520 [INFO ] Type 68 [h'A10103', {5: h'A8B23CCBD069CA4076A32317'}, h'DA28A2F2B94DEDB0775189954E4351A9FFCE28EDFFAFEC4E62AAE646CF9D2226A5B0C24807E7FFC6FE11390366C8050D4E68AD3F22EF71DFB1C3B35F9F2436ADC3FB4C83B87E576B361C5D12F69219C70187ED8E52BFD93071D1A5556190DBE852100B5839463ECCD6D65A3F075F4D6FC939B354DF7E112E505905D09F7D24E1EFE86E7D698A2A6A5F1A1DD6D44AFEDEA9A3A7972C66715CC7112E038174A2FDC561822B414334B99B1306B14B2FB61144ADB76430F199DC5FF69CD9B818C5247CBAC0E104C02C8B05C2FF7CB8DE73BFA6D3117AEF954A6DF5C1BF35C41689D3661EC2962643CA3226D805A4DCC4AA97B0C46EE92F5ACEBD6D']
16:58:57.591 [INFO ] Type 69 [h'A10103', {5: h'6E8882D05E905289D4B78443'}, h'8FC84B6F5F08736634375495D8AEFE8F51EFD23A59EF8B18491C13C66A4DF952E633227879E8']
16:58:57.603 [INFO ] Type 70 [h'A10103', {5: h'F9145E260F9E7441DA6DEAD5'}, h'42D85A2F42D7C3C486E3F65AB3D088931A26534D8605313711382F3C64821312569B']
16:58:57.666 [INFO ] Type 71 [h'A10103', {5: h'0FD7287EE7F616029EFD181A'}, h'795BA6DE6132ABB06EE3B8B2AF94DC957F6843588F195B1FCB6C6E1A7B5A0C761DDC']
17:06:29.441 [INFO ] To0Scheduler will run every 120 seconds
17:06:29.447 [INFO ] Session cleaner will run every 3600 seconds
17:06:29.456 [INFO ] Voucher auto-injection enabled.
17:06:29.512 [INFO ] HHH000412: Hibernate ORM core version 6.1.0.Final
17:06:29.922 [WARN ] HHH10001002: Using built-in connection pool (not intended for production use)
17:06:29.925 [INFO ] HHH10001005: Loaded JDBC driver class: org.mariadb.jdbc.Driver
17:06:29.926 [INFO ] HHH10001012: Connecting with JDBC URL [jdbc:mariadb://host.docker.internal:3306/emdb?useSSL=true]
17:06:29.926 [INFO ] HHH10001001: Connection properties: {password=****, requireSSL=true, autoReconnect=true, user=root}
17:06:29.926 [INFO ] HHH10001003: Autocommit mode: false
17:06:29.928 [INFO ] HHH10001115: Connection pool size: 20 (min=1)
17:06:30.252 [INFO ] HHH000400: Using dialect: org.hibernate.dialect.MariaDBDialect
17:06:31.719 [INFO ] HHH10001501: Connection obtained from JdbcConnectionAccess [org.hibernate.engine.jdbc.env.internal.JdbcEnvironmentInitiator$ConnectionProviderJdbcConnectionAccess@3f06ebe0] for (non-JTA) DDL execution was not in auto-commit mode; the Connection 'local transaction' will be committed and the Connection will be set into auto-commit mode.
17:06:32.574 [INFO ] Started All-in-one demo Service.
17:06:44.278 [INFO ] Type 30 [h'2DEAC0057436416A963494870C049503', [-7, h'']]
17:06:44.546 [INFO ] Type 31 [h'AF19FCC3D75E49E0BAFD914221709857', [-7, h'']]
17:06:44.769 [INFO ] Type 32 [h'A10126', {}, h'A20A50AF19FCC3D75E49E0BAFD91422170985719010051012DEAC0057436416A963494870C049503', h'2865F6F0F8518687D853043181C2196702EA370F5BB781BB041AC1A574A65305E0D2434A9193ACE2F7851785A611ED99F8E27012FF9D3C9647184B752B8F2B13']
17:06:44.832 [INFO ] Type 33 [h'A1013822', {}, h'828184447F00000174686F73742E646F636B65722E696E7465726E616C191F90038206F6', h'947AE3985E34770DC36D181B13C11EE7421CC979062D90FEF2CA578FB52EF31972D5A66EB3931C44BC7130E7C50D9BA8802A1BA9CEB70C1376EBEFCA75AD5A9CF1B62F1573B38288213A28EB562AB23AA94F248A3856244B5E110ED513B73A5E']
17:06:44.890 [INFO ] Type 60 [0, h'2DEAC0057436416A963494870C049503', h'A46C8CD8F8E5497281A30DAB4E281C39', "ECDH256", 3, [-7, h'']]
17:06:45.040 [INFO ] Type 61 [h'A1013822', {256: h'A4C79BBBD470461BB73FE6153DD577E5', 257: [11, 1, h'3076301006072A8648CE3D020106052B81040022036200044B869CFFD1076B411B9D95E9D7119F48DB502120B76A270D9218D3E740218E9804D30EAC9FF41F117CA42FD3195DD68C0E9575445A26C8322C3A742E4AFD1A62A5A14E85068A268FC2A5E625F3C36D6913B0F56ADB975838A17C17A66A3C0438']}, h'8858D5861865502DEAC0057436416A963494870C049503818582055574686F73742E646F636B65722E696E7465726E616C820343191F90820C410182024544AC1100018204431920FB6A44656D6F446576696365830A01585B3059301306072A8648CE3D020106082A8648CE3D030107034200040D7148E801585D5D4A5CDD884D26AD7CC8AD6D41867F47AB7318AE2CBC3052F11897F8E82FCE69C99FC0873E9EBEBC9C981A3F554C091848EB9C386A8BE00774822F5820F788E3E038D844F576BC8AC5860E15D5C7C0E72978429DDE97F711BCC0FBB75701820558200111C878094431308DDBE0DBAECCD172DF22EFCC22015124FA5E4ECE1530165750A46C8CD8F8E5497281A30DAB4E281C398226405856002021C55C4DE64699034A834D32E27A45EA3123F5E83BB5DACB98007BB4D11819C900201264781D36BFA7F443180AC80C6D7526E5F0E49B0F5D5712F6919BE3C7177B340010ECE68458DDE04446140466E28B9DD945822F5820CC6F3052EB2644CBB70CF8463A56FA14F376C695A5C9BEEA8D40D341CF45A16900', h'D743B913F57079E18C332E64DA2D2B8E62157B69142B6D8DC49C1C27FD549A56B7875A531FFDC8908C94A29E9252FFE34D8F24AB07D401FC7DF63FB6BD7A84881C16341DB13FA9FB5EADF636714AD20D0A2745F8C8DBF35CC8F03BD65AC5DF2D']
17:06:45.359 [INFO ] Type 62 [0]
17:06:45.383 [INFO ] Type 63 [0, [h'A10126', {}, h'84822F58200C2BD43CAF0163590BC400C46F989C47F3AAAA6D5E23F04D4F412F90DB6B4542822F582078B8BD574C8583CAAF1792EBED6CD396C2DFB6B0F313704EBB92C2C67A0782C7F6830A01585B3059301306072A8648CE3D020106082A8648CE3D03010703420004BDF328A928096EA7BE37008A687367B558BF39BFCE252732114578E760E3EEC900185BE3717E33695B6AD83743E34370F5B9A000722654FC54A5430762D83AF5', h'C62621CCB410964E2526152C730A2A7832E3D3284700F568B78ABB30634084B937334628460D0E21D0D41CBDA6EADCE59CEE40497F51D85E5DAA6EEF1EF1DE7C']]
17:06:45.504 [INFO ] Type 64 [h'A10126', {-259: h'D94F03C451154789940510693EC89BBE'}, h'A30A50A4C79BBBD470461BB73FE6153DD577E519010051012DEAC0057436416A963494870C04950339010081585600200096CFEF98DEEE35D268B58E4520794D519822737D44ED1AAA290FA663775A01002099895B58E9477ECCEA8FB125A5262480173D85B08CF17AD19F882BAEE652EDB4001028EDD3EECC851D56AED5A8EE8F52AB72', h'370664541938C976B584CFC97398EA6CE04D541A8B4462FEACFB6E085795EE13401319B732AB90FEA3B18FBC12A9AFC2EA033F16B788C9139AA3C5B168C8E9EC']
17:06:45.690 [INFO ] Type 65 [h'A10103', {5: h'85250728606CE6C87C249930'}, h'A489F49309D6F16366A73D1C506B3B3A20C41E1BFFB741EB0C1011D04E7C68B4758C870638F6F56F58536E2471F2207D383362FC691B741299851D4BBBF5F3421F3A99A50547C9CA93CDF4E7B9520842EA35447AEB016254992C0BE78010E02C4EA85D3A7FF5006CBA7EFAED6522EED96730E5082C3BBA1B6D81D53E64F27A8C1BF06079E4AB5EB8B9B0580B54F52818C265BBF6D6D577AB5D7D2A0FE0E5BE2DAEB44CA1615864ABA289DA6BC1D9D83D3A8CA4FB6643F6F5E009E395303389E6AF793107AAEE4279033275103F5E11654775FE12FC08182A5B9546D25CDE67525509F2D659A48582EE05DC464CC3728247C5EF8B5802D2930B63DBAD138AEC8B1C6A18042760DB2164C0B2058B9FCF1D']
17:06:45.712 [INFO ] Type 66 [h'A10103', {5: h'50617583088C11407B65FD6C'}, h'705CB49B99DDC92DB4C43EDE60AC8CF687DC5955E2B94A89151F59F12BDE7C629821BA9CA643B3AA5CB27D3653E477F76A956AD27F3D10CD']
17:06:45.799 [INFO ] Type 67 [h'A10103', {5: h'8597011B2A690E5B15A4C1E9'}, h'EDC133DC9AF5B6FDF9209CCD5F84B17BDBDC']
17:06:45.811 [INFO ] Type 68 [h'A10103', {5: h'02004B7D40BDB20F574A256E'}, h'8D3E561730742880604BB1F236FC0118218E4DE82EC1F20FBD98FA08972C067CFCD2AF2DF34E50A77F98D2910A1C0ED8125F55928513A76883AF8895FB36C6B527253D39AC04ABF3FEEFD4353953F0F5A0AD811D7B668F893DB9682ADCFBD35BB7296F2C78E81999FA8C51DF28812E2D1867F22B01AD7D8D003D2A64F43C7B2C2600802E6488D2BD571FB237581B9AFFA3A2611F4785E332A0EBFB63D7C97221C4D9072FEE91C7FD3C9045B918D52C9F1AE221BBD799E421D813995B0A04DCF8200A16ECEF6B7E45E0AC645D7A01A843F66163FB2ED4EBBB04AE309AD7A9C74E84DEE82474FE3B3B6D58EBB4988DF4D990342571AA604B0A41']
17:06:45.883 [INFO ] Type 69 [h'A10103', {5: h'53C25F4BF8FE6669A0FC4294'}, h'BB7BF78078818BBA96B73DAEF8F905E9A25D340AF876D62574D217D60B5B78E8DCA637C6A092']
17:06:45.902 [INFO ] Type 70 [h'A10103', {5: h'98D8CB25A3D79D2481DD3AA0'}, h'9431F4DA281313F93BA5352D379EB63657E234B68BE2636CDEBBDB7F5F8C9E0B7816']
17:06:45.965 [INFO ] Type 71 [h'A10103', {5: h'F0A3F42C05368BB2A897B0B2'}, h'C9705EB92C6077E81965FDA9D9D9A4AD2F044C1DEFF1B723303A964DDFC5AC42211F']
